<?xml version="1.0" encoding="UTF-8"?>
<!-- Generated by org.testng.reporters.JUnitReportReporter -->
<testsuite hostname="LAPTOP-POCHI3TQ" failures="0" tests="4" name="com.ebay.tests.SignInTest" time="10.863" errors="0" timestamp="2023-09-15T16:59:21 IST" skipped="0">
  <testcase classname="com.ebay.tests.SignInTest" name="testSignInLink" time="4.528"/>
  <system-out/>
  <testcase classname="com.ebay.tests.SignInTest" name="testUsername" time="0.188"/>
  <system-out/>
  <testcase classname="com.ebay.tests.SignInTest" name="testPassword" time="1.245"/>
  <system-out/>
  <testcase classname="com.ebay.tests.SignInTest" name="testUserNameDisplayed" time="4.902"/>
  <system-out/>
</testsuite> <!-- com.ebay.tests.SignInTest -->
