<?xml version="1.0" encoding="UTF-8"?>
<!-- Generated by org.testng.reporters.JUnitReportReporter -->
<testsuite hostname="LAPTOP-POCHI3TQ" failures="0" tests="6" name="com.ebay.tests.HomeTest" time="4.936" errors="0" timestamp="2023-09-14T17:53:14 IST" skipped="0">
  <testcase classname="com.ebay.tests.HomeTest" name="testSignInLink" time="0.086"/>
  <system-out/>
  <testcase classname="com.ebay.tests.HomeTest" name="testRegisterLink" time="0.033"/>
  <system-out/>
  <testcase classname="com.ebay.tests.HomeTest" name="testDailyDealsLink" time="0.029"/>
  <system-out/>
  <testcase classname="com.ebay.tests.HomeTest" name="testHelpAndContactLink" time="0.030"/>
  <system-out/>
  <testcase classname="com.ebay.tests.HomeTest" name="testSearchBox" time="4.737"/>
  <system-out/>
  <testcase classname="com.ebay.tests.HomeTest" name="testPageNavigation" time="0.021"/>
  <system-out/>
</testsuite> <!-- com.ebay.tests.HomeTest -->
