<?xml version="1.0" encoding="UTF-8"?>
<!-- Generated by org.testng.reporters.JUnitReportReporter -->
<testsuite hostname="LAPTOP-POCHI3TQ" failures="0" tests="10" name="com.ebay.tests.HealthAndBeautyTest" time="11.164" errors="0" timestamp="2023-09-25T18:30:01 IST" skipped="0">
  <testcase classname="com.ebay.tests.HealthAndBeautyTest" name="testSports" time="3.660"/>
  <system-out/>
  <testcase classname="com.ebay.tests.HealthAndBeautyTest" name="testTeamSportPage" time="0.029"/>
  <system-out/>
  <testcase classname="com.ebay.tests.HealthAndBeautyTest" name="testLipBalm" time="1.674"/>
  <system-out/>
  <testcase classname="com.ebay.tests.HealthAndBeautyTest" name="testLipBalmAndTratementPage" time="0.062"/>
  <system-out/>
  <testcase classname="com.ebay.tests.HealthAndBeautyTest" name="testExpensiveLipBalm" time="2.618"/>
  <system-out/>
  <testcase classname="com.ebay.tests.HealthAndBeautyTest" name="testLipBalmItemPage" time="0.039"/>
  <system-out/>
  <testcase classname="com.ebay.tests.HealthAndBeautyTest" name="testSelectQuanity" time="0.207"/>
  <system-out/>
  <testcase classname="com.ebay.tests.HealthAndBeautyTest" name="testEntertQuanity" time="0.115"/>
  <system-out/>
  <testcase classname="com.ebay.tests.HealthAndBeautyTest" name="testAddToWatchlist" time="2.716"/>
  <system-out/>
  <testcase classname="com.ebay.tests.HealthAndBeautyTest" name="testHelloText" time="0.044"/>
  <system-out/>
</testsuite> <!-- com.ebay.tests.HealthAndBeautyTest -->
