<?xml version="1.0" encoding="UTF-8"?>
<!-- Generated by org.testng.reporters.JUnitReportReporter -->
<testsuite hostname="LAPTOP-POCHI3TQ" failures="0" tests="7" name="com.ebay.tests.CollectiblesAndArtTest" time="29.631" errors="0" timestamp="2023-09-21T20:11:45 IST" skipped="0">
  <testcase classname="com.ebay.tests.CollectiblesAndArtTest" name="testFashionWomenClothing" time="5.178"/>
  <system-out/>
  <testcase classname="com.ebay.tests.CollectiblesAndArtTest" name="testCartoonActionFigurePage" time="0.033"/>
  <system-out/>
  <testcase classname="com.ebay.tests.CollectiblesAndArtTest" name="testPokeman" time="3.885"/>
  <system-out/>
  <testcase classname="com.ebay.tests.CollectiblesAndArtTest" name="testPokemonCartoonAndTVCharacterActionFigurePage" time="0.118"/>
  <system-out/>
  <testcase classname="com.ebay.tests.CollectiblesAndArtTest" name="testBurgerKing" time="2.908"/>
  <system-out/>
  <testcase classname="com.ebay.tests.CollectiblesAndArtTest" name="testBurgerKingPokemonCartoonAndTVCharacterActionFigurePage" time="0.056"/>
  <system-out/>
  <testcase classname="com.ebay.tests.CollectiblesAndArtTest" name="testSpiderman" time="17.453"/>
  <system-out/>
</testsuite> <!-- com.ebay.tests.CollectiblesAndArtTest -->
